{"meta": {"format": 3, "version": "7.11.3", "timestamp": "2026-05-17T06:09:55.085127", "branch_coverage": true, "show_contexts": false}, "files": {"backend/src/control_center/api/routes_config.py": {"executed_lines": [1, 3, 5, 6, 8, 10, 13, 14, 15, 16, 17, 18, 19, 22, 23, 24, 25, 26, 28, 29, 31, 32, 34, 35, 36, 38, 40, 41, 43], "summary": {"covered_lines": 29, "num_statements": 29, "percent_covered": 100.0, "percent_covered_display": "100", "missing_lines": 0, "excluded_lines": 0, "num_branches": 6, "num_partial_branches": 0, "covered_branches": 6, "missing_branches": 0}, "missing_lines": [], "excluded_lines": [], "executed_branches": [[15, 16], [15, 17], [28, 29], [28, 31], [31, 32], [31, 34]], "missing_branches": [], "functions": {"get_config": {"executed_lines": [15, 16, 17, 18, 19], "summary": {"covered_lines": 5, "num_statements": 5, "percent_covered": 100.0, "percent_covered_display": "100", "missing_lines": 0, "excluded_lines": 0, "num_branches": 2, "num_partial_branches": 0, "covered_branches": 2, "missing_branches": 0}, "missing_lines": [], "excluded_lines": [], "executed_branches": [[15, 16], [15, 17]], "missing_branches": []}, "add_service": {"executed_lines": [24, 25, 26, 28, 29, 31, 32, 34, 35, 36, 38, 40, 41, 43], "summary": {"covered_lines": 14, "num_statements": 14, "percent_covered": 100.0, "percent_covered_display": "100", "missing_lines": 0, "excluded_lines": 0, "num_branches": 4, "num_partial_branches": 0, "covered_branches": 4, "missing_branches": 0}, "missing_lines": [], "excluded_lines": [], "executed_branches": [[28, 29], [28, 31], [31, 32], [31, 34]], "missing_branches": []}, "": {"executed_lines": [1, 3, 5, 6, 8, 10, 13, 14, 22, 23], "summary": {"covered_lines": 10, "num_statements": 10, "percent_covered": 100.0, "percent_covered_display": "100", "missing_lines": 0, "excluded_lines": 0, "num_branches": 0, "num_partial_branches": 0, "covered_branches": 0, "missing_branches": 0}, "missing_lines": [], "excluded_lines": [], "executed_branches": [], "missing_branches": []}}, "classes": {"": {"executed_lines": [1, 3, 5, 6, 8, 10, 13, 14, 15, 16, 17, 18, 19, 22, 23, 24, 25, 26, 28, 29, 31, 32, 34, 35, 36, 38, 40, 41, 43], "summary": {"covered_lines": 29, "num_statements": 29, "percent_covered": 100.0, "percent_covered_display": "100", "missing_lines": 0, "excluded_lines": 0, "num_branches": 6, "num_partial_branches": 0, "covered_branches": 6, "missing_branches": 0}, "missing_lines": [], "excluded_lines": [], "executed_branches": [[15, 16], [15, 17], [28, 29], [28, 31], [31, 32], [31, 34]], "missing_branches": []}}}, "backend/src/control_center/api/routes_docker.py": {"executed_lines": [1, 3, 4, 5, 6, 7, 9, 10, 12, 14, 17, 21, 23, 42, 43, 44, 45, 46, 47, 50, 51, 54, 55, 56, 57, 61, 62, 63, 64, 65, 66, 67, 68, 69, 73, 74, 75, 76, 77, 78, 81, 82, 83, 84, 86, 88, 89, 90, 91, 92, 100, 101, 102, 103, 104, 105, 106, 107, 108, 109, 110, 111, 113, 121, 122, 123, 124, 126, 129, 131, 132, 133, 134, 135, 136, 137, 138, 139, 140, 143, 146, 147, 149, 150, 151, 155, 156, 157, 159, 160, 161, 162, 163, 164, 165, 166, 167, 168, 171, 172, 173, 174, 175, 176, 177, 178, 179, 180, 181, 182, 191, 192], "summary": {"covered_lines": 109, "num_statements": 111, "percent_covered": 96.07843137254902, "percent_covered_display": "96", "missing_lines": 2, "excluded_lines": 4, "num_branches": 42, "num_partial_branches": 4, "covered_branches": 38, "missing_branches": 4}, "missing_lines": [141, 158], "excluded_lines": [68, 142, 166, 168], "executed_branches": [[44, 45], [44, 47], [45, 44], [45, 46], [62, 63], [62, 69], [64, 65], [88, 89], [88, 100], [89, 90], [89, 100], [90, 91], [101, 102], [101, 121], [102, 103], [102, 121], [103, 104], [108, 109], [108, 110], [110, 111], [110, 113], [133, 134], [133, 135], [135, 136], [135, 137], [137, 138], [137, 139], [139, 140], [139, 143], [155, 156], [155, 171], [157, 159], [163, 155], [163, 164], [173, 174], [173, 191], [174, 175], [174, 191]], "missing_branches": [[64, 62], [90, 89], [103, 102], [157, 158]], "functions": {"_get_category": {"executed_lines": [43, 44, 45, 46, 47], "summary": {"covered_lines": 5, "num_statements": 5, "percent_covered": 100.0, "percent_covered_display": "100", "missing_lines": 0, "excluded_lines": 0, "num_branches": 4, "num_partial_branches": 0, "covered_branches": 4, "missing_branches": 0}, "missing_lines": [], "excluded_lines": [], "executed_branches": [[44, 45], [44, 47], [45, 44], [45, 46]], "missing_branches": []}, "_normalize_sif_stem": {"executed_lines": [51], "summary": {"covered_lines": 1, "num_statements": 1, "percent_covered": 100.0, "percent_covered_display": "100", "missing_lines": 0, "excluded_lines": 0, "num_branches": 0, "num_partial_branches": 0, "covered_branches": 0, "missing_branches": 0}, "missing_lines": [], "excluded_lines": [], "executed_branches": [], "missing_branches": []}, "get_containers": {"executed_lines": [56, 57, 61, 62, 63, 64, 65, 66, 67, 68, 69, 73, 74, 75, 76, 77, 78], "summary": {"covered_lines": 16, "num_statements": 16, "percent_covered": 95.0, "percent_covered_display": "95", "missing_lines": 0, "excluded_lines": 1, "num_branches": 4, "num_partial_branches": 1, "covered_branches": 3, "missing_branches": 1}, "missing_lines": [], "excluded_lines": [68], "executed_branches": [[62, 63], [62, 69], [64, 65]], "missing_branches": [[64, 62]]}, "get_sif_images": {"executed_lines": [83, 84, 86, 88, 89, 90, 91, 92, 100, 101, 102, 103, 104, 105, 106, 107, 108, 109, 110, 111, 113, 121, 122, 123, 124, 126], "summary": {"covered_lines": 26, "num_statements": 26, "percent_covered": 95.23809523809524, "percent_covered_display": "95", "missing_lines": 0, "excluded_lines": 0, "num_branches": 16, "num_partial_branches": 2, "covered_branches": 14, "missing_branches": 2}, "missing_lines": [], "excluded_lines": [], "executed_branches": [[88, 89], [88, 100], [89, 90], [89, 100], [90, 91], [101, 102], [101, 121], [102, 103], [102, 121], [103, 104], [108, 109], [108, 110], [110, 111], [110, 113]], "missing_branches": [[90, 89], [103, 102]]}, "_parse_docker_size_mb": {"executed_lines": [131, 132, 133, 134, 135, 136, 137, 138, 139, 140, 143], "summary": {"covered_lines": 11, "num_statements": 12, "percent_covered": 95.0, "percent_covered_display": "95", "missing_lines": 1, "excluded_lines": 1, "num_branches": 8, "num_partial_branches": 0, "covered_branches": 8, "missing_branches": 0}, "missing_lines": [141], "excluded_lines": [142], "executed_branches": [[133, 134], [133, 135], [135, 136], [135, 137], [137, 138], [137, 139], [139, 140], [139, 143]], "missing_branches": []}, "get_plugin_images": {"executed_lines": [149, 150, 151, 155, 156, 157, 159, 160, 161, 162, 163, 164, 165, 166, 167, 168, 171, 172, 173, 174, 175, 176, 177, 178, 179, 180, 181, 182, 191, 192], "summary": {"covered_lines": 28, "num_statements": 29, "percent_covered": 94.87179487179488, "percent_covered_display": "95", "missing_lines": 1, "excluded_lines": 2, "num_branches": 10, "num_partial_branches": 1, "covered_branches": 9, "missing_branches": 1}, "missing_lines": [158], "excluded_lines": [166, 168], "executed_branches": [[155, 156], [155, 171], [157, 159], [163, 155], [163, 164], [173, 174], [173, 191], [174, 175], [174, 191]], "missing_branches": [[157, 158]]}, "": {"executed_lines": [1, 3, 4, 5, 6, 7, 9, 10, 12, 14, 17, 21, 23, 42, 50, 54, 55, 81, 82, 129, 146, 147], "summary": {"covered_lines": 22, "num_statements": 22, "percent_covered": 100.0, "percent_covered_display": "100", "missing_lines": 0, "excluded_lines": 0, "num_branches": 0, "num_partial_branches": 0, "covered_branches": 0, "missing_branches": 0}, "missing_lines": [], "excluded_lines": [], "executed_branches": [], "missing_branches": []}}, "classes": {"": {"executed_lines": [1, 3, 4, 5, 6, 7, 9, 10, 12, 14, 17, 21, 23, 42, 43, 44, 45, 46, 47, 50, 51, 54, 55, 56, 57, 61, 62, 63, 64, 65, 66, 67, 68, 69, 73, 74, 75, 76, 77, 78, 81, 82, 83, 84, 86, 88, 89, 90, 91, 92, 100, 101, 102, 103, 104, 105, 106, 107, 108, 109, 110, 111, 113, 121, 122, 123, 124, 126, 129, 131, 132, 133, 134, 135, 136, 137, 138, 139, 140, 143, 146, 147, 149, 150, 151, 155, 156, 157, 159, 160, 161, 162, 163, 164, 165, 166, 167, 168, 171, 172, 173, 174, 175, 176, 177, 178, 179, 180, 181, 182, 191, 192], "summary": {"covered_lines": 109, "num_statements": 111, "percent_covered": 96.07843137254902, "percent_covered_display": "96", "missing_lines": 2, "excluded_lines": 4, "num_branches": 42, "num_partial_branches": 4, "covered_branches": 38, "missing_branches": 4}, "missing_lines": [141, 158], "excluded_lines": [68, 142, 166, 168], "executed_branches": [[44, 45], [44, 47], [45, 44], [45, 46], [62, 63], [62, 69], [64, 65], [88, 89], [88, 100], [89, 90], [89, 100], [90, 91], [101, 102], [101, 121], [102, 103], [102, 121], [103, 104], [108, 109], [108, 110], [110, 111], [110, 113], [133, 134], [133, 135], [135, 136], [135, 137], [137, 138], [137, 139], [139, 140], [139, 143], [155, 156], [155, 171], [157, 159], [163, 155], [163, 164], [173, 174], [173, 191], [174, 175], [174, 191]], "missing_branches": [[64, 62], [90, 89], [103, 102], [157, 158]]}}}, "backend/src/control_center/api/routes_health.py": {"executed_lines": [1, 3, 5, 8, 9, 10], "summary": {"covered_lines": 6, "num_statements": 6, "percent_covered": 100.0, "percent_covered_display": "100", "missing_lines": 0, "excluded_lines": 0, "num_branches": 0, "num_partial_branches": 0, "covered_branches": 0, "missing_branches": 0}, "missing_lines": [], "excluded_lines": [], "executed_branches": [], "missing_branches": [], "functions": {"health": {"executed_lines": [10], "summary": {"covered_lines": 1, "num_statements": 1, "percent_covered": 100.0, "percent_covered_display": "100", "missing_lines": 0, "excluded_lines": 0, "num_branches": 0, "num_partial_branches": 0, "covered_branches": 0, "missing_branches": 0}, "missing_lines": [], "excluded_lines": [], "executed_branches": [], "missing_branches": []}, "": {"executed_lines": [1, 3, 5, 8, 9], "summary": {"covered_lines": 5, "num_statements": 5, "percent_covered": 100.0, "percent_covered_display": "100", "missing_lines": 0, "excluded_lines": 0, "num_branches": 0, "num_partial_branches": 0, "covered_branches": 0, "missing_branches": 0}, "missing_lines": [], "excluded_lines": [], "executed_branches": [], "missing_branches": []}}, "classes": {"": {"executed_lines": [1, 3, 5, 8, 9, 10], "summary": {"covered_lines": 6, "num_statements": 6, "percent_covered": 100.0, "percent_covered_display": "100", "missing_lines": 0, "excluded_lines": 0, "num_branches": 0, "num_partial_branches": 0, "covered_branches": 0, "missing_branches": 0}, "missing_lines": [], "excluded_lines": [], "executed_branches": [], "missing_branches": []}}}, "backend/src/control_center/api/routes_report.py": {"executed_lines": [1, 14, 16, 17, 19, 22, 23, 32], "summary": {"covered_lines": 7, "num_statements": 7, "percent_covered": 100.0, "percent_covered_display": "100", "missing_lines": 0, "excluded_lines": 0, "num_branches": 0, "num_partial_branches": 0, "covered_branches": 0, "missing_branches": 0}, "missing_lines": [], "excluded_lines": [], "executed_branches": [], "missing_branches": [], "functions": {"report": {"executed_lines": [32], "summary": {"covered_lines": 1, "num_statements": 1, "percent_covered": 100.0, "percent_covered_display": "100", "missing_lines": 0, "excluded_lines": 0, "num_branches": 0, "num_partial_branches": 0, "covered_branches": 0, "missing_branches": 0}, "missing_lines": [], "excluded_lines": [], "executed_branches": [], "missing_branches": []}, "": {"executed_lines": [1, 14, 16, 17, 19, 22, 23], "summary": {"covered_lines": 6, "num_statements": 6, "percent_covered": 100.0, "percent_covered_display": "100", "missing_lines": 0, "excluded_lines": 0, "num_branches": 0, "num_partial_branches": 0, "covered_branches": 0, "missing_branches": 0}, "missing_lines": [], "excluded_lines": [], "executed_branches": [], "missing_branches": []}}, "classes": {"": {"executed_lines": [1, 14, 16, 17, 19, 22, 23, 32], "summary": {"covered_lines": 7, "num_statements": 7, "percent_covered": 100.0, "percent_covered_display": "100", "missing_lines": 0, "excluded_lines": 0, "num_branches": 0, "num_partial_branches": 0, "covered_branches": 0, "missing_branches": 0}, "missing_lines": [], "excluded_lines": [], "executed_branches": [], "missing_branches": []}}}, "backend/src/control_center/api/routes_services.py": {"executed_lines": [1, 3, 4, 6, 7, 8, 10, 13, 14, 15, 16, 17, 18, 19, 20, 21], "summary": {"covered_lines": 16, "num_statements": 16, "percent_covered": 100.0, "percent_covered_display": "100", "missing_lines": 0, "excluded_lines": 0, "num_branches": 0, "num_partial_branches": 0, "covered_branches": 0, "missing_branches": 0}, "missing_lines": [], "excluded_lines": [], "executed_branches": [], "missing_branches": [], "functions": {"services": {"executed_lines": [15, 16, 17, 18, 19, 20, 21], "summary": {"covered_lines": 7, "num_statements": 7, "percent_covered": 100.0, "percent_covered_display": "100", "missing_lines": 0, "excluded_lines": 0, "num_branches": 0, "num_partial_branches": 0, "covered_branches": 0, "missing_branches": 0}, "missing_lines": [], "excluded_lines": [], "executed_branches": [], "missing_branches": []}, "": {"executed_lines": [1, 3, 4, 6, 7, 8, 10, 13, 14], "summary": {"covered_lines": 9, "num_statements": 9, "percent_covered": 100.0, "percent_covered_display": "100", "missing_lines": 0, "excluded_lines": 0, "num_branches": 0, "num_partial_branches": 0, "covered_branches": 0, "missing_branches": 0}, "missing_lines": [], "excluded_lines": [], "executed_branches": [], "missing_branches": []}}, "classes": {"": {"executed_lines": [1, 3, 4, 6, 7, 8, 10, 13, 14, 15, 16, 17, 18, 19, 20, 21], "summary": {"covered_lines": 16, "num_statements": 16, "percent_covered": 100.0, "percent_covered_display": "100", "missing_lines": 0, "excluded_lines": 0, "num_branches": 0, "num_partial_branches": 0, "covered_branches": 0, "missing_branches": 0}, "missing_lines": [], "excluded_lines": [], "executed_branches": [], "missing_branches": []}}}, "backend/src/control_center/api/routes_summary.py": {"executed_lines": [1, 3, 5, 6, 8, 9, 10, 12, 15, 23, 24, 25, 26, 29, 30, 31, 32, 33, 34, 36, 37, 38, 40, 41, 42, 43, 44, 45, 46, 48], "summary": {"covered_lines": 30, "num_statements": 30, "percent_covered": 97.36842105263158, "percent_covered_display": "97", "missing_lines": 0, "excluded_lines": 0, "num_branches": 8, "num_partial_branches": 1, "covered_branches": 7, "missing_branches": 1}, "missing_lines": [], "excluded_lines": [], "executed_branches": [[23, 24], [23, 26], [41, 42], [41, 48], [42, 43], [42, 45], [45, 46]], "missing_branches": [[45, 41]], "functions": {"_inject_ui_urls": {"executed_lines": [23, 24, 25, 26], "summary": {"covered_lines": 4, "num_statements": 4, "percent_covered": 100.0, "percent_covered_display": "100", "missing_lines": 0, "excluded_lines": 0, "num_branches": 2, "num_partial_branches": 0, "covered_branches": 2, "missing_branches": 0}, "missing_lines": [], "excluded_lines": [], "executed_branches": [[23, 24], [23, 26]], "missing_branches": []}, "summary": {"executed_lines": [31, 32, 33, 34, 36, 37, 38, 40, 41, 42, 43, 44, 45, 46, 48], "summary": {"covered_lines": 15, "num_statements": 15, "percent_covered": 95.23809523809524, "percent_covered_display": "95", "missing_lines": 0, "excluded_lines": 0, "num_branches": 6, "num_partial_branches": 1, "covered_branches": 5, "missing_branches": 1}, "missing_lines": [], "excluded_lines": [], "executed_branches": [[41, 42], [41, 48], [42, 43], [42, 45], [45, 46]], "missing_branches": [[45, 41]]}, "": {"executed_lines": [1, 3, 5, 6, 8, 9, 10, 12, 15, 29, 30], "summary": {"covered_lines": 11, "num_statements": 11, "percent_covered": 100.0, "percent_covered_display": "100", "missing_lines": 0, "excluded_lines": 0, "num_branches": 0, "num_partial_branches": 0, "covered_branches": 0, "missing_branches": 0}, "missing_lines": [], "excluded_lines": [], "executed_branches": [], "missing_branches": []}}, "classes": {"": {"executed_lines": [1, 3, 5, 6, 8, 9, 10, 12, 15, 23, 24, 25, 26, 29, 30, 31, 32, 33, 34, 36, 37, 38, 40, 41, 42, 43, 44, 45, 46, 48], "summary": {"covered_lines": 30, "num_statements": 30, "percent_covered": 97.36842105263158, "percent_covered_display": "97", "missing_lines": 0, "excluded_lines": 0, "num_branches": 8, "num_partial_branches": 1, "covered_branches": 7, "missing_branches": 1}, "missing_lines": [], "excluded_lines": [], "executed_branches": [[23, 24], [23, 26], [41, 42], [41, 48], [42, 43], [42, 45], [45, 46]], "missing_branches": [[45, 41]]}}}, "backend/src/control_center/checks/disk.py": {"executed_lines": [1, 3, 4, 7, 8, 9, 10, 12, 13, 14, 16, 17, 19, 20, 21, 23, 24, 25, 26, 27, 29, 39, 40, 51], "summary": {"covered_lines": 24, "num_statements": 24, "percent_covered": 100.0, "percent_covered_display": "100", "missing_lines": 0, "excluded_lines": 0, "num_branches": 6, "num_partial_branches": 0, "covered_branches": 6, "missing_branches": 0}, "missing_lines": [], "excluded_lines": [], "executed_branches": [[12, 13], [12, 51], [16, 17], [16, 19], [25, 26], [25, 29]], "missing_branches": [], "functions": {"run_disk_checks": {"executed_lines": [8, 9, 10, 12, 13, 14, 16, 17, 19, 20, 21, 23, 24, 25, 26, 27, 29, 39, 40, 51], "summary": {"covered_lines": 20, "num_statements": 20, "percent_covered": 100.0, "percent_covered_display": "100", "missing_lines": 0, "excluded_lines": 0, "num_branches": 6, "num_partial_branches": 0, "covered_branches": 6, "missing_branches": 0}, "missing_lines": [], "excluded_lines": [], "executed_branches": [[12, 13], [12, 51], [16, 17], [16, 19], [25, 26], [25, 29]], "missing_branches": []}, "": {"executed_lines": [1, 3, 4, 7], "summary": {"covered_lines": 4, "num_statements": 4, "percent_covered": 100.0, "percent_covered_display": "100", "missing_lines": 0, "excluded_lines": 0, "num_branches": 0, "num_partial_branches": 0, "covered_branches": 0, "missing_branches": 0}, "missing_lines": [], "excluded_lines": [], "executed_branches": [], "missing_branches": []}}, "classes": {"": {"executed_lines": [1, 3, 4, 7, 8, 9, 10, 12, 13, 14, 16, 17, 19, 20, 21, 23, 24, 25, 26, 27, 29, 39, 40, 51], "summary": {"covered_lines": 24, "num_statements": 24, "percent_covered": 100.0, "percent_covered_display": "100", "missing_lines": 0, "excluded_lines": 0, "num_branches": 6, "num_partial_branches": 0, "covered_branches": 6, "missing_branches": 0}, "missing_lines": [], "excluded_lines": [], "executed_branches": [[12, 13], [12, 51], [16, 17], [16, 19], [25, 26], [25, 29]], "missing_branches": []}}}, "backend/src/control_center/checks/http.py": {"executed_lines": [1, 3, 4, 5, 8, 9, 10, 12, 13, 22, 23, 24, 25, 26, 27, 28, 30, 31, 40, 49, 50, 51], "summary": {"covered_lines": 22, "num_statements": 22, "percent_covered": 100.0, "percent_covered_display": "100", "missing_lines": 0, "excluded_lines": 0, "num_branches": 4, "num_partial_branches": 0, "covered_branches": 4, "missing_branches": 0}, "missing_lines": [], "excluded_lines": [], "executed_branches": [[12, 13], [12, 22], [30, 31], [30, 40]], "missing_branches": [], "functions": {"check_http": {"executed_lines": [9, 10, 12, 13, 22, 23, 24, 25, 26, 27, 28, 30, 31, 40, 49, 50, 51], "summary": {"covered_lines": 17, "num_statements": 17, "percent_covered": 100.0, "percent_covered_display": "100", "missing_lines": 0, "excluded_lines": 0, "num_branches": 4, "num_partial_branches": 0, "covered_branches": 4, "missing_branches": 0}, "missing_lines": [], "excluded_lines": [], "executed_branches": [[12, 13], [12, 22], [30, 31], [30, 40]], "missing_branches": []}, "": {"executed_lines": [1, 3, 4, 5, 8], "summary": {"covered_lines": 5, "num_statements": 5, "percent_covered": 100.0, "percent_covered_display": "100", "missing_lines": 0, "excluded_lines": 0, "num_branches": 0, "num_partial_branches": 0, "covered_branches": 0, "missing_branches": 0}, "missing_lines": [], "excluded_lines": [], "executed_branches": [], "missing_branches": []}}, "classes": {"": {"executed_lines": [1, 3, 4, 5, 8, 9, 10, 12, 13, 22, 23, 24, 25, 26, 27, 28, 30, 31, 40, 49, 50, 51], "summary": {"covered_lines": 22, "num_statements": 22, "percent_covered": 100.0, "percent_covered_display": "100", "missing_lines": 0, "excluded_lines": 0, "num_branches": 4, "num_partial_branches": 0, "covered_branches": 4, "missing_branches": 0}, "missing_lines": [], "excluded_lines": [], "executed_branches": [[12, 13], [12, 22], [30, 31], [30, 40]], "missing_branches": []}}}, "backend/src/control_center/checks/tcp.py": {"executed_lines": [1, 3, 4, 7, 8, 9, 10, 19, 20, 21, 22, 23, 24, 25, 33, 34, 35, 44, 45, 46, 47], "summary": {"covered_lines": 20, "num_statements": 20, "percent_covered": 100.0, "percent_covered_display": "100", "missing_lines": 0, "excluded_lines": 1, "num_branches": 2, "num_partial_branches": 0, "covered_branches": 2, "missing_branches": 0}, "missing_lines": [], "excluded_lines": [47], "executed_branches": [[9, 10], [9, 19]], "missing_branches": [], "functions": {"check_tcp": {"executed_lines": [8, 9, 10, 19, 20, 21, 22, 23, 24, 25, 33, 34, 35, 44, 45, 46, 47], "summary": {"covered_lines": 16, "num_statements": 16, "percent_covered": 100.0, "percent_covered_display": "100", "missing_lines": 0, "excluded_lines": 1, "num_branches": 2, "num_partial_branches": 0, "covered_branches": 2, "missing_branches": 0}, "missing_lines": [], "excluded_lines": [47], "executed_branches": [[9, 10], [9, 19]], "missing_branches": []}, "": {"executed_lines": [1, 3, 4, 7], "summary": {"covered_lines": 4, "num_statements": 4, "percent_covered": 100.0, "percent_covered_display": "100", "missing_lines": 0, "excluded_lines": 0, "num_branches": 0, "num_partial_branches": 0, "covered_branches": 0, "missing_branches": 0}, "missing_lines": [], "excluded_lines": [], "executed_branches": [], "missing_branches": []}}, "classes": {"": {"executed_lines": [1, 3, 4, 7, 8, 9, 10, 19, 20, 21, 22, 23, 24, 25, 33, 34, 35, 44, 45, 46, 47], "summary": {"covered_lines": 20, "num_statements": 20, "percent_covered": 100.0, "percent_covered_display": "100", "missing_lines": 0, "excluded_lines": 1, "num_branches": 2, "num_partial_branches": 0, "covered_branches": 2, "missing_branches": 0}, "missing_lines": [], "excluded_lines": [47], "executed_branches": [[9, 10], [9, 19]], "missing_branches": []}}}, "backend/src/control_center/core/runner.py": {"executed_lines": [1, 3, 5, 6, 9, 10, 12, 13, 15, 16, 17, 18, 19, 20, 22, 33], "summary": {"covered_lines": 16, "num_statements": 16, "percent_covered": 100.0, "percent_covered_display": "100", "missing_lines": 0, "excluded_lines": 0, "num_branches": 8, "num_partial_branches": 0, "covered_branches": 8, "missing_branches": 0}, "missing_lines": [], "excluded_lines": [], "executed_branches": [[12, 13], [12, 33], [15, 16], [15, 17], [17, 18], [17, 19], [19, 20], [19, 22]], "missing_branches": [], "functions": {"run_all_checks": {"executed_lines": [10, 12, 13, 15, 16, 17, 18, 19, 20, 22, 33], "summary": {"covered_lines": 11, "num_statements": 11, "percent_covered": 100.0, "percent_covered_display": "100", "missing_lines": 0, "excluded_lines": 0, "num_branches": 8, "num_partial_branches": 0, "covered_branches": 8, "missing_branches": 0}, "missing_lines": [], "excluded_lines": [], "executed_branches": [[12, 13], [12, 33], [15, 16], [15, 17], [17, 18], [17, 19], [19, 20], [19, 22]], "missing_branches": []}, "": {"executed_lines": [1, 3, 5, 6, 9], "summary": {"covered_lines": 5, "num_statements": 5, "percent_covered": 100.0, "percent_covered_display": "100", "missing_lines": 0, "excluded_lines": 0, "num_branches": 0, "num_partial_branches": 0, "covered_branches": 0, "missing_branches": 0}, "missing_lines": [], "excluded_lines": [], "executed_branches": [], "missing_branches": []}}, "classes": {"": {"executed_lines": [1, 3, 5, 6, 9, 10, 12, 13, 15, 16, 17, 18, 19, 20, 22, 33], "summary": {"covered_lines": 16, "num_statements": 16, "percent_covered": 100.0, "percent_covered_display": "100", "missing_lines": 0, "excluded_lines": 0, "num_branches": 8, "num_partial_branches": 0, "covered_branches": 8, "missing_branches": 0}, "missing_lines": [], "excluded_lines": [], "executed_branches": [[12, 13], [12, 33], [15, 16], [15, 17], [17, 18], [17, 19], [19, 20], [19, 22]], "missing_branches": []}}}, "backend/src/control_center/core/settings.py": {"executed_lines": [1, 3, 4, 5, 7, 10, 11, 12, 13, 16, 17, 20, 21, 22, 23, 28, 29, 31, 32, 34], "summary": {"covered_lines": 20, "num_statements": 20, "percent_covered": 100.0, "percent_covered_display": "100", "missing_lines": 0, "excluded_lines": 0, "num_branches": 2, "num_partial_branches": 0, "covered_branches": 2, "missing_branches": 0}, "missing_lines": [], "excluded_lines": [], "executed_branches": [[22, 23], [22, 28]], "missing_branches": [], "functions": {"_default_config_path": {"executed_lines": [17], "summary": {"covered_lines": 1, "num_statements": 1, "percent_covered": 100.0, "percent_covered_display": "100", "missing_lines": 0, "excluded_lines": 0, "num_branches": 0, "num_partial_branches": 0, "covered_branches": 0, "missing_branches": 0}, "missing_lines": [], "excluded_lines": [], "executed_branches": [], "missing_branches": []}, "load_settings": {"executed_lines": [21, 22, 23, 28, 29, 31, 32, 34], "summary": {"covered_lines": 8, "num_statements": 8, "percent_covered": 100.0, "percent_covered_display": "100", "missing_lines": 0, "excluded_lines": 0, "num_branches": 2, "num_partial_branches": 0, "covered_branches": 2, "missing_branches": 0}, "missing_lines": [], "excluded_lines": [], "executed_branches": [[22, 23], [22, 28]], "missing_branches": []}, "": {"executed_lines": [1, 3, 4, 5, 7, 10, 11, 12, 13, 16, 20], "summary": {"covered_lines": 11, "num_statements": 11, "percent_covered": 100.0, "percent_covered_display": "100", "missing_lines": 0, "excluded_lines": 0, "num_branches": 0, "num_partial_branches": 0, "covered_branches": 0, "missing_branches": 0}, "missing_lines": [], "excluded_lines": [], "executed_branches": [], "missing_branches": []}}, "classes": {"Settings": {"executed_lines": [], "summary": {"covered_lines": 0, "num_statements": 0, "percent_covered": 100.0, "percent_covered_display": "100", "missing_lines": 0, "excluded_lines": 0, "num_branches": 0, "num_partial_branches": 0, "covered_branches": 0, "missing_branches": 0}, "missing_lines": [], "excluded_lines": [], "executed_branches": [], "missing_branches": []}, "": {"executed_lines": [1, 3, 4, 5, 7, 10, 11, 12, 13, 16, 17, 20, 21, 22, 23, 28, 29, 31, 32, 34], "summary": {"covered_lines": 20, "num_statements": 20, "percent_covered": 100.0, "percent_covered_display": "100", "missing_lines": 0, "excluded_lines": 0, "num_branches": 2, "num_partial_branches": 0, "covered_branches": 2, "missing_branches": 0}, "missing_lines": [], "excluded_lines": [], "executed_branches": [[22, 23], [22, 28]], "missing_branches": []}}}, "backend/src/control_center/main.py": {"executed_lines": [3, 5, 6, 7, 8, 9, 10, 12, 13, 14, 16, 17, 18, 19, 20, 21, 23, 28, 35, 36, 37, 38, 39, 40, 47, 48, 50, 51, 52, 53, 54, 55, 57, 58, 59, 60, 61, 62, 64, 65, 66, 67, 68, 70, 71, 72, 73, 74, 76, 77, 78, 86, 94, 363, 364, 367, 369, 370, 371, 372, 373, 376, 377, 378, 380, 381, 382, 383, 385, 391, 392, 398, 399, 401, 402, 403, 404, 405, 409, 412, 413, 415, 416, 417, 418, 419, 420, 423, 424, 426, 427, 428, 429, 430, 431, 433, 434, 442, 443, 444, 446, 447, 448, 449, 613, 614, 615, 617, 619, 622, 681, 682, 683], "summary": {"covered_lines": 111, "num_statements": 111, "percent_covered": 100.0, "percent_covered_display": "100", "missing_lines": 0, "excluded_lines": 1, "num_branches": 14, "num_partial_branches": 0, "covered_branches": 14, "missing_branches": 0}, "missing_lines": [], "excluded_lines": [683], "executed_branches": [[372, -367], [372, 373], [380, 381], [380, 385], [398, 399], [398, 401], [415, 416], [415, 417], [429, 430], [429, 433], [446, 447], [446, 622], [614, 615], [614, 617]], "missing_branches": [], "functions": {"_JobState.__init__": {"executed_lines": [51, 52, 53, 54, 55], "summary": {"covered_lines": 5, "num_statements": 5, "percent_covered": 100.0, "percent_covered_display": "100", "missing_lines": 0, "excluded_lines": 0, "num_branches": 0, "num_partial_branches": 0, "covered_branches": 0, "missing_branches": 0}, "missing_lines": [], "excluded_lines": [], "executed_branches": [], "missing_branches": []}, "_JobState.start": {"executed_lines": [58, 59, 60, 61, 62], "summary": {"covered_lines": 5, "num_statements": 5, "percent_covered": 100.0, "percent_covered_display": "100", "missing_lines": 0, "excluded_lines": 0, "num_branches": 0, "num_partial_branches": 0, "covered_branches": 0, "missing_branches": 0}, "missing_lines": [], "excluded_lines": [], "executed_branches": [], "missing_branches": []}, "_JobState.finish": {"executed_lines": [65, 66, 67, 68], "summary": {"covered_lines": 4, "num_statements": 4, "percent_covered": 100.0, "percent_covered_display": "100", "missing_lines": 0, "excluded_lines": 0, "num_branches": 0, "num_partial_branches": 0, "covered_branches": 0, "missing_branches": 0}, "missing_lines": [], "excluded_lines": [], "executed_branches": [], "missing_branches": []}, "_JobState.fail": {"executed_lines": [71, 72, 73, 74], "summary": {"covered_lines": 4, "num_statements": 4, "percent_covered": 100.0, "percent_covered_display": "100", "missing_lines": 0, "excluded_lines": 0, "num_branches": 0, "num_partial_branches": 0, "covered_branches": 0, "missing_branches": 0}, "missing_lines": [], "excluded_lines": [], "executed_branches": [], "missing_branches": []}, "_JobState.as_dict": {"executed_lines": [77, 78], "summary": {"covered_lines": 2, "num_statements": 2, "percent_covered": 100.0, "percent_covered_display": "100", "missing_lines": 0, "excluded_lines": 0, "num_branches": 0, "num_partial_branches": 0, "covered_branches": 0, "missing_branches": 0}, "missing_lines": [], "excluded_lines": [], "executed_branches": [], "missing_branches": []}, "_workspace_root": {"executed_lines": [364], "summary": {"covered_lines": 1, "num_statements": 1, "percent_covered": 100.0, "percent_covered_display": "100", "missing_lines": 0, "excluded_lines": 0, "num_branches": 0, "num_partial_branches": 0, "covered_branches": 0, "missing_branches": 0}, "missing_lines": [], "excluded_lines": [], "executed_branches": [], "missing_branches": []}, "_reset_job_to_idle": {"executed_lines": [369, 370, 371, 372, 373], "summary": {"covered_lines": 5, "num_statements": 5, "percent_covered": 100.0, "percent_covered_display": "100", "missing_lines": 0, "excluded_lines": 0, "num_branches": 2, "num_partial_branches": 0, "covered_branches": 2, "missing_branches": 0}, "missing_lines": [], "excluded_lines": [], "executed_branches": [[372, -367], [372, 373]], "missing_branches": []}, "_run_report_job": {"executed_lines": [377, 378, 380, 381, 382, 383, 385, 391, 392, 398, 399, 401, 402, 403, 404, 405, 409], "summary": {"covered_lines": 17, "num_statements": 17, "percent_covered": 100.0, "percent_covered_display": "100", "missing_lines": 0, "excluded_lines": 0, "num_branches": 4, "num_partial_branches": 0, "covered_branches": 4, "missing_branches": 0}, "missing_lines": [], "excluded_lines": [], "executed_branches": [[380, 381], [380, 385], [398, 399], [398, 401]], "missing_branches": []}, "report_generate": {"executed_lines": [415, 416, 417, 418, 419, 420], "summary": {"covered_lines": 6, "num_statements": 6, "percent_covered": 100.0, "percent_covered_display": "100", "missing_lines": 0, "excluded_lines": 0, "num_branches": 2, "num_partial_branches": 0, "covered_branches": 2, "missing_branches": 0}, "missing_lines": [], "excluded_lines": [], "executed_branches": [[415, 416], [415, 417]], "missing_branches": []}, "report_status": {"executed_lines": [426, 427, 428, 429, 430, 431, 433, 434], "summary": {"covered_lines": 8, "num_statements": 8, "percent_covered": 100.0, "percent_covered_display": "100", "missing_lines": 0, "excluded_lines": 0, "num_branches": 2, "num_partial_branches": 0, "covered_branches": 2, "missing_branches": 0}, "missing_lines": [], "excluded_lines": [], "executed_branches": [[429, 430], [429, 433]], "missing_branches": []}, "root": {"executed_lines": [444, 446, 447, 448, 449, 613, 614, 615, 617, 619, 622], "summary": {"covered_lines": 11, "num_statements": 11, "percent_covered": 100.0, "percent_covered_display": "100", "missing_lines": 0, "excluded_lines": 0, "num_branches": 4, "num_partial_branches": 0, "covered_branches": 4, "missing_branches": 0}, "missing_lines": [], "excluded_lines": [], "executed_branches": [[446, 447], [446, 622], [614, 615], [614, 617]], "missing_branches": []}, "dashboard": {"executed_lines": [683], "summary": {"covered_lines": 0, "num_statements": 0, "percent_covered": 100.0, "percent_covered_display": "100", "missing_lines": 0, "excluded_lines": 1, "num_branches": 0, "num_partial_branches": 0, "covered_branches": 0, "missing_branches": 0}, "missing_lines": [], "excluded_lines": [683], "executed_branches": [], "missing_branches": []}, "": {"executed_lines": [3, 5, 6, 7, 8, 9, 10, 12, 13, 14, 16, 17, 18, 19, 20, 21, 23, 28, 35, 36, 37, 38, 39, 40, 47, 48, 50, 57, 64, 70, 76, 86, 94, 363, 367, 376, 412, 413, 423, 424, 442, 443, 681, 682], "summary": {"covered_lines": 43, "num_statements": 43, "percent_covered": 100.0, "percent_covered_display": "100", "missing_lines": 0, "excluded_lines": 0, "num_branches": 0, "num_partial_branches": 0, "covered_branches": 0, "missing_branches": 0}, "missing_lines": [], "excluded_lines": [], "executed_branches": [], "missing_branches": []}}, "classes": {"_JobState": {"executed_lines": [51, 52, 53, 54, 55, 58, 59, 60, 61, 62, 65, 66, 67, 68, 71, 72, 73, 74, 77, 78], "summary": {"covered_lines": 20, "num_statements": 20, "percent_covered": 100.0, "percent_covered_display": "100", "missing_lines": 0, "excluded_lines": 0, "num_branches": 0, "num_partial_branches": 0, "covered_branches": 0, "missing_branches": 0}, "missing_lines": [], "excluded_lines": [], "executed_branches": [], "missing_branches": []}, "": {"executed_lines": [3, 5, 6, 7, 8, 9, 10, 12, 13, 14, 16, 17, 18, 19, 20, 21, 23, 28, 35, 36, 37, 38, 39, 40, 47, 48, 50, 57, 64, 70, 76, 86, 94, 363, 364, 367, 369, 370, 371, 372, 373, 376, 377, 378, 380, 381, 382, 383, 385, 391, 392, 398, 399, 401, 402, 403, 404, 405, 409, 412, 413, 415, 416, 417, 418, 419, 420, 423, 424, 426, 427, 428, 429, 430, 431, 433, 434, 442, 443, 444, 446, 447, 448, 449, 613, 614, 615, 617, 619, 622, 681, 682, 683], "summary": {"covered_lines": 91, "num_statements": 91, "percent_covered": 100.0, "percent_covered_display": "100", "missing_lines": 0, "excluded_lines": 1, "num_branches": 14, "num_partial_branches": 0, "covered_branches": 14, "missing_branches": 0}, "missing_lines": [], "excluded_lines": [683], "executed_branches": [[372, -367], [372, 373], [380, 381], [380, 385], [398, 399], [398, 401], [415, 416], [415, 417], [429, 430], [429, 433], [446, 447], [446, 622], [614, 615], [614, 617]], "missing_branches": []}}}, "backend/src/control_center/utils/summary_client.py": {"executed_lines": [1, 9, 11, 12, 13, 14, 15, 22, 23, 24, 25, 26, 27, 28, 29, 32, 33, 34, 35, 36, 37, 40, 41, 42, 43, 44, 45, 46, 53, 54, 64, 65, 73, 78, 79, 80, 82, 94, 105, 106, 107, 111, 112, 113, 115, 116, 121, 122], "summary": {"covered_lines": 47, "num_statements": 47, "percent_covered": 100.0, "percent_covered_display": "100", "missing_lines": 0, "excluded_lines": 0, "num_branches": 0, "num_partial_branches": 0, "covered_branches": 0, "missing_branches": 0}, "missing_lines": [], "excluded_lines": [], "executed_branches": [], "missing_branches": [], "functions": {"_parse_service": {"executed_lines": [54], "summary": {"covered_lines": 1, "num_statements": 1, "percent_covered": 100.0, "percent_covered_display": "100", "missing_lines": 0, "excluded_lines": 0, "num_branches": 0, "num_partial_branches": 0, "covered_branches": 0, "missing_branches": 0}, "missing_lines": [], "excluded_lines": [], "executed_branches": [], "missing_branches": []}, "_parse_disk": {"executed_lines": [65], "summary": {"covered_lines": 1, "num_statements": 1, "percent_covered": 100.0, "percent_covered_display": "100", "missing_lines": 0, "excluded_lines": 0, "num_branches": 0, "num_partial_branches": 0, "covered_branches": 0, "missing_branches": 0}, "missing_lines": [], "excluded_lines": [], "executed_branches": [], "missing_branches": []}, "parse_summary": {"executed_lines": [78, 79, 80, 82], "summary": {"covered_lines": 4, "num_statements": 4, "percent_covered": 100.0, "percent_covered_display": "100", "missing_lines": 0, "excluded_lines": 0, "num_branches": 0, "num_partial_branches": 0, "covered_branches": 0, "missing_branches": 0}, "missing_lines": [], "excluded_lines": [], "executed_branches": [], "missing_branches": []}, "fetch_summary": {"executed_lines": [105, 106, 107, 111, 112, 113, 115, 116, 121, 122], "summary": {"covered_lines": 10, "num_statements": 10, "percent_covered": 100.0, "percent_covered_display": "100", "missing_lines": 0, "excluded_lines": 0, "num_branches": 0, "num_partial_branches": 0, "covered_branches": 0, "missing_branches": 0}, "missing_lines": [], "excluded_lines": [], "executed_branches": [], "missing_branches": []}, "": {"executed_lines": [1, 9, 11, 12, 13, 14, 15, 22, 23, 24, 25, 26, 27, 28, 29, 32, 33, 34, 35, 36, 37, 40, 41, 42, 43, 44, 45, 46, 53, 64, 73, 94], "summary": {"covered_lines": 31, "num_statements": 31, "percent_covered": 100.0, "percent_covered_display": "100", "missing_lines": 0, "excluded_lines": 0, "num_branches": 0, "num_partial_branches": 0, "covered_branches": 0, "missing_branches": 0}, "missing_lines": [], "excluded_lines": [], "executed_branches": [], "missing_branches": []}}, "classes": {"ServiceHealth": {"executed_lines": [], "summary": {"covered_lines": 0, "num_statements": 0, "percent_covered": 100.0, "percent_covered_display": "100", "missing_lines": 0, "excluded_lines": 0, "num_branches": 0, "num_partial_branches": 0, "covered_branches": 0, "missing_branches": 0}, "missing_lines": [], "excluded_lines": [], "executed_branches": [], "missing_branches": []}, "DiskHealth": {"executed_lines": [], "summary": {"covered_lines": 0, "num_statements": 0, "percent_covered": 100.0, "percent_covered_display": "100", "missing_lines": 0, "excluded_lines": 0, "num_branches": 0, "num_partial_branches": 0, "covered_branches": 0, "missing_branches": 0}, "missing_lines": [], "excluded_lines": [], "executed_branches": [], "missing_branches": []}, "EcosystemHealth": {"executed_lines": [], "summary": {"covered_lines": 0, "num_statements": 0, "percent_covered": 100.0, "percent_covered_display": "100", "missing_lines": 0, "excluded_lines": 0, "num_branches": 0, "num_partial_branches": 0, "covered_branches": 0, "missing_branches": 0}, "missing_lines": [], "excluded_lines": [], "executed_branches": [], "missing_branches": []}, "": {"executed_lines": [1, 9, 11, 12, 13, 14, 15, 22, 23, 24, 25, 26, 27, 28, 29, 32, 33, 34, 35, 36, 37, 40, 41, 42, 43, 44, 45, 46, 53, 54, 64, 65, 73, 78, 79, 80, 82, 94, 105, 106, 107, 111, 112, 113, 115, 116, 121, 122], "summary": {"covered_lines": 47, "num_statements": 47, "percent_covered": 100.0, "percent_covered_display": "100", "missing_lines": 0, "excluded_lines": 0, "num_branches": 0, "num_partial_branches": 0, "covered_branches": 0, "missing_branches": 0}, "missing_lines": [], "excluded_lines": [], "executed_branches": [], "missing_branches": []}}}}, "totals": {"covered_lines": 457, "num_statements": 459, "percent_covered": 98.72958257713249, "percent_covered_display": "99", "missing_lines": 2, "excluded_lines": 6, "num_branches": 92, "num_partial_branches": 5, "covered_branches": 87, "missing_branches": 5}}